<?xml version="1.0" encoding="UTF-8"?>
<!-- Generated by org.testng.reporters.JUnitReportReporter -->
<testsuite skipped="0" hostname="MBP-Dmitriy.local" name="core.PrimeNumberCheckerTestOld" tests="10" failures="0" timestamp="2020-04-15T21:13:57 PDT" time="0.030" errors="0">
  <testcase name="test" time="0.002" classname="core.PrimeNumberCheckerTestOld"/>
  <system-out/>
  <testcase name="test" time="0.002" classname="core.PrimeNumberCheckerTestOld"/>
  <system-out/>
  <testcase name="test" time="0.001" classname="core.PrimeNumberCheckerTestOld"/>
  <system-out/>
  <testcase name="test" time="0.005" classname="core.PrimeNumberCheckerTestOld"/>
  <system-out/>
  <testcase name="test" time="0.001" classname="core.PrimeNumberCheckerTestOld"/>
  <system-out/>
  <testcase name="test" time="0.014" classname="core.PrimeNumberCheckerTestOld"/>
  <system-out/>
  <testcase name="test" time="0.001" classname="core.PrimeNumberCheckerTestOld"/>
  <system-out/>
  <testcase name="test" time="0.001" classname="core.PrimeNumberCheckerTestOld"/>
  <system-out/>
  <testcase name="test" time="0.002" classname="core.PrimeNumberCheckerTestOld"/>
  <system-out/>
  <testcase name="test" time="0.001" classname="core.PrimeNumberCheckerTestOld"/>
  <system-out/>
</testsuite> <!-- core.PrimeNumberCheckerTestOld -->
